
Showing logs for build [32mcb-kubecd-environment-pr-180-65-667b9-1[0m stage [32mfrom-build-pack[0m and container [32mstep-credential-initializer-dq8pr[0m
{"level":"warn","ts":1584148272.5670495,"logger":"fallback-logger","caller":"logging/config.go:69","msg":"Fetch GitHub commit ID from kodata failed: \"ref: refs/heads/0.8.0-**-support-backwards-incompats\" is not a valid GitHub commit ID"}
{"level":"info","ts":1584148272.5674973,"logger":"fallback-logger","caller":"creds-init/main.go:40","msg":"Credentials initialized."}

Showing logs for build [32mcb-kubecd-environment-pr-180-65-667b9-1[0m stage [32mfrom-build-pack[0m and container [32mstep-working-dir-initializer-m5xdh[0m
{"level":"warn","ts":1584148273.556931,"logger":"fallback-logger","caller":"logging/config.go:69","msg":"Fetch GitHub commit ID from kodata failed: open /var/run/ko/HEAD: no such file or directory"}
{"level":"info","ts":1584148273.5616307,"logger":"fallback-logger","caller":"bash/main.go:64","msg":"Successfully executed command \"sh -c mkdir -p /workspace/source\"; output "}

Showing logs for build [32mcb-kubecd-environment-pr-180-65-667b9-1[0m stage [32mfrom-build-pack[0m and container [32mstep-place-tools[0m

Showing logs for build [32mcb-kubecd-environment-pr-180-65-667b9-1[0m stage [32mfrom-build-pack[0m and container [32mstep-git-source-cb-kubecd-environment-pr-180-65-667b9-pqlrr[0m
{"level":"warn","ts":1584148278.6905963,"logger":"fallback-logger","caller":"logging/config.go:69","msg":"Fetch GitHub commit ID from kodata failed: \"ref: refs/heads/0.8.0-**-support-backwards-incompats\" is not a valid GitHub commit ID"}
{"level":"info","ts":1584148279.7352848,"logger":"fallback-logger","caller":"git/git.go:103","msg":"Successfully cloned https://github.com/cb-kubecd/environment-pr-180-65-boot-gke-staging.git @ master in path /workspace/source"}

Showing logs for build [32mcb-kubecd-environment-pr-180-65-667b9-1[0m stage [32mfrom-build-pack[0m and container [32mstep-git-merge[0m
Using SHAs from PULL_REFS=master:ebc02094d42da37c51e5191e4683ea9dc4970a4e,4:1f2493c8b45166db82377e272456f6034c8ae93c
DEBUG: LC_ALL=C JX_LOG_LEVEL=error git fetch origin --unshallow 1f2493c8b45166db82377e272456f6034c8ae93c: ebc02094d42da37c51e5191e4683ea9dc4970a4e:
DEBUG: ran git fetch --unshallow origin 1f2493c8b45166db82377e272456f6034c8ae93c: ebc02094d42da37c51e5191e4683ea9dc4970a4e: in 
DEBUG: JX_LOG_LEVEL=error LC_ALL=C git branch
DEBUG: LC_ALL=C JX_LOG_LEVEL=error git checkout master
DEBUG: ran git checkout master in 
DEBUG: JX_LOG_LEVEL=error LC_ALL=C git reset --hard ebc02094d42da37c51e5191e4683ea9dc4970a4e
DEBUG: ran git reset --hard ebc02094d42da37c51e5191e4683ea9dc4970a4e in 
DEBUG: LC_ALL=C JX_LOG_LEVEL=error git clean -fd .
DEBUG: ran clean --force -d . in 
DEBUG: LC_ALL=C JX_LOG_LEVEL=error git merge 1f2493c8b45166db82377e272456f6034c8ae93c
DEBUG: ran git merge 1f2493c8b45166db82377e272456f6034c8ae93c in 
DEBUG: LC_ALL=C JX_LOG_LEVEL=error git log --format=%H%x1f%an%x1f%ae%x1f%cn%x1f%ce%x1f%s%n%b%x1e ebc02094d42da37c51e5191e4683ea9dc4970a4e..HEAD
Merged SHA 1f2493c8b45166db82377e272456f6034c8ae93c with commit message 'chore: Promote bdd-nh-1584146626 to version 0.0.1' into base branch master

Showing logs for build [32mcb-kubecd-environment-pr-180-65-667b9-1[0m stage [32mfrom-build-pack[0m and container [32mstep-build-helm-build[0m
WARNING: No $CHART_REPOSITORY defined so using the default value of: http://jenkins-x-chartmuseum:8080
Adding missing Helm repo: storage.googleapis.com https://storage.googleapis.com/chartmuseum.jenkins-x.io
WARNING: No secrets found on "helm/repos" due: reading the secret "helm/repos" from vault: no secret "helm/repos" not found in vault
Read credentials for https://storage.googleapis.com/chartmuseum.jenkins-x.io from vault helm/repos
Successfully added Helm repository storage.googleapis.com.
Adding missing Helm repo: jenkins-x-chartmuseum http://jenkins-x-chartmuseum:8080
WARNING: No secrets found on "helm/repos" due: reading the secret "helm/repos" from vault: no secret "helm/repos" not found in vault
Read credentials for http://jenkins-x-chartmuseum:8080 from vault helm/repos
Successfully added Helm repository jenkins-x-chartmuseum.
WARNING: No $CHART_REPOSITORY defined so using the default value of: http://jenkins-x-chartmuseum:8080
Adding missing Helm repo: chartmuseum.jenkins-x.io http://chartmuseum.jenkins-x.io
WARNING: No secrets found on "helm/repos" due: reading the secret "helm/repos" from vault: no secret "helm/repos" not found in vault
Read credentials for http://chartmuseum.jenkins-x.io from vault helm/repos
Successfully added Helm repository chartmuseum.jenkins-x.io.
